<?xml version="1.0" encoding="UTF-8"?>
<testsuite xmlns:xsi="http://www.w3.org/2001/XMLSchema-instance" xsi:noNamespaceSchemaLocation="https://maven.apache.org/surefire/maven-surefire-plugin/xsd/surefire-test-report-3.0.xsd" version="3.0" name="no.hvl.dat110.unit.tests.TestRemote" time="0.017" tests="1" errors="0" skipped="0" failures="0">
  <properties>
    <property name="java.specification.version" value="21"/>
    <property name="sun.cpu.isalist" value="amd64"/>
    <property name="sun.jnu.encoding" value="Cp1252"/>
    <property name="java.class.path" value="C:\Users\jacob\Documents\GitHub\dat110-project3\target\test-classes;C:\Users\jacob\Documents\GitHub\dat110-project3\target\classes;C:\Users\jacob\.m2\repository\org\apache\logging\log4j\log4j-core\2.20.0\log4j-core-2.20.0.jar;C:\Users\jacob\.m2\repository\org\apache\logging\log4j\log4j-api\2.20.0\log4j-api-2.20.0.jar;C:\Users\jacob\.m2\repository\org\junit\jupiter\junit-jupiter-api\5.9.2\junit-jupiter-api-5.9.2.jar;C:\Users\jacob\.m2\repository\org\opentest4j\opentest4j\1.2.0\opentest4j-1.2.0.jar;C:\Users\jacob\.m2\repository\org\junit\platform\junit-platform-commons\1.9.2\junit-platform-commons-1.9.2.jar;C:\Users\jacob\.m2\repository\org\apiguardian\apiguardian-api\1.1.2\apiguardian-api-1.1.2.jar;"/>
    <property name="java.vm.vendor" value="Oracle Corporation"/>
    <property name="sun.arch.data.model" value="64"/>
    <property name="user.variant" value=""/>
    <property name="java.vendor.url" value="https://java.oracle.com/"/>
    <property name="user.timezone" value="Europe/Oslo"/>
    <property name="os.name" value="Windows 11"/>
    <property name="java.vm.specification.version" value="21"/>
    <property name="sun.java.launcher" value="SUN_STANDARD"/>
    <property name="user.country" value="NO"/>
    <property name="sun.boot.library.path" value="C:\Users\jacob\.jdks\openjdk-21.0.1\bin"/>
    <property name="sun.java.command" value="C:\Users\jacob\AppData\Local\Temp\surefire15931786558599936046\surefirebooter-20240511171906645_3.jar C:\Users\jacob\AppData\Local\Temp\surefire15931786558599936046 2024-05-11T17-19-06_132-jvmRun1 surefire-20240511171906645_1tmp surefire_0-20240511171906645_2tmp"/>
    <property name="jdk.debug" value="release"/>
    <property name="surefire.test.class.path" value="C:\Users\jacob\Documents\GitHub\dat110-project3\target\test-classes;C:\Users\jacob\Documents\GitHub\dat110-project3\target\classes;C:\Users\jacob\.m2\repository\org\apache\logging\log4j\log4j-core\2.20.0\log4j-core-2.20.0.jar;C:\Users\jacob\.m2\repository\org\apache\logging\log4j\log4j-api\2.20.0\log4j-api-2.20.0.jar;C:\Users\jacob\.m2\repository\org\junit\jupiter\junit-jupiter-api\5.9.2\junit-jupiter-api-5.9.2.jar;C:\Users\jacob\.m2\repository\org\opentest4j\opentest4j\1.2.0\opentest4j-1.2.0.jar;C:\Users\jacob\.m2\repository\org\junit\platform\junit-platform-commons\1.9.2\junit-platform-commons-1.9.2.jar;C:\Users\jacob\.m2\repository\org\apiguardian\apiguardian-api\1.1.2\apiguardian-api-1.1.2.jar;"/>
    <property name="sun.cpu.endian" value="little"/>
    <property name="user.home" value="C:\Users\jacob"/>
    <property name="user.language" value="no"/>
    <property name="java.specification.vendor" value="Oracle Corporation"/>
    <property name="java.version.date" value="2023-10-17"/>
    <property name="java.home" value="C:\Users\jacob\.jdks\openjdk-21.0.1"/>
    <property name="file.separator" value="\"/>
    <property name="basedir" value="C:\Users\jacob\Documents\GitHub\dat110-project3"/>
    <property name="java.vm.compressedOopsMode" value="Zero based"/>
    <property name="line.separator" value="&#10;"/>
    <property name="java.vm.specification.vendor" value="Oracle Corporation"/>
    <property name="java.specification.name" value="Java Platform API Specification"/>
    <property name="surefire.real.class.path" value="C:\Users\jacob\AppData\Local\Temp\surefire15931786558599936046\surefirebooter-20240511171906645_3.jar"/>
    <property name="user.script" value=""/>
    <property name="sun.management.compiler" value="HotSpot 64-Bit Tiered Compilers"/>
    <property name="java.runtime.version" value="21.0.1+12-29"/>
    <property name="user.name" value="jacob"/>
    <property name="stdout.encoding" value="Cp1252"/>
    <property name="path.separator" value=";"/>
    <property name="os.version" value="10.0"/>
    <property name="java.runtime.name" value="OpenJDK Runtime Environment"/>
    <property name="file.encoding" value="UTF-8"/>
    <property name="java.vm.name" value="OpenJDK 64-Bit Server VM"/>
    <property name="localRepository" value="C:\Users\jacob\.m2\repository"/>
    <property name="java.vendor.url.bug" value="https://bugreport.java.com/bugreport/"/>
    <property name="java.io.tmpdir" value="C:\Users\jacob\AppData\Local\Temp\"/>
    <property name="idea.version" value="2023.3.1"/>
    <property name="java.version" value="21.0.1"/>
    <property name="user.dir" value="C:\Users\jacob\Documents\GitHub\dat110-project3"/>
    <property name="os.arch" value="amd64"/>
    <property name="java.vm.specification.name" value="Java Virtual Machine Specification"/>
    <property name="sun.os.patch.level" value=""/>
    <property name="native.encoding" value="Cp1252"/>
    <property name="java.library.path" value="C:\Users\jacob\.jdks\openjdk-21.0.1\bin;C:\WINDOWS\Sun\Java\bin;C:\WINDOWS\system32;C:\WINDOWS;C:\Program Files\Common Files\Oracle\Java\javapath;C:\Program Files (x86)\Razer Chroma SDK\bin;C:\Program Files\Razer Chroma SDK\bin;C:\Program Files (x86)\Razer\ChromaBroadcast\bin;C:\Program Files\Razer\ChromaBroadcast\bin;C:\Program Files\Common Files\Siemens\Automation\Simatic OAM\bin;C:\Program Files (x86)\Common Files\Siemens\Bin;C:\Program Files (x86)\Common Files\Siemens\CommonArchiving;C:\Program Files (x86)\Common Files\Siemens\ACE\Bin;C:\Program Files (x86)\Siemens\Automation\SCADA-RT_V11\WinCC\Bin;C:\Windows\system32;C:\Windows;C:\Windows\System32\Wbem;C:\Windows\System32\WindowsPowerShell\v1.0\;C:\Windows\System32\OpenSSH\;C:\Program Files\Microsoft SQL Server\Client SDK\ODBC\130\Tools\Binn\;C:\Program Files (x86)\Microsoft SQL Server\130\Tools\Binn\;C:\Program Files\Microsoft SQL Server\130\Tools\Binn\;C:\Program Files\Microsoft SQL Server\130\DTS\Binn\;C:\Program Files (x86)\Siemens\Automation\SCADA-RT_V11\WinCC\Interfaces;C:\Program Files (x86)\Common Files\Siemens\;C:\Program Files (x86)\Common Files\Siemens\Interfaces;C:\Program Files (x86)\Common Files\Siemens\ACE\Interfaces;C:\Program Files (x86)\NVIDIA Corporation\PhysX\Common;C:\Windows\system32\config\systemprofile\AppData\Local\Microsoft\WindowsApps;C:\Program Files\dotnet\;C:\WINDOWS\system32;C:\WINDOWS;C:\WINDOWS\System32\Wbem;C:\WINDOWS\System32\WindowsPowerShell\v1.0\;C:\WINDOWS\System32\OpenSSH\;C:\Program Files\MATLAB\R2022b\bin;C:\Program Files\MATLAB\R2021b\bin;C:\Program Files\Git\cmd;C:\Program Files\Microsoft VS Code\bin;C:\Program Files (x86)\Windows Kits\10\Windows Performance Toolkit\;C:\Program Files\NVIDIA Corporation\NVIDIA App\NvDLISR;C:\Users\jacob\AppData\Local\Microsoft\WindowsApps;C:\Users\jacob\AppData\Local\GitHubDesktop\bin;C:\Users\jacob\AppData\Local\Programs\Microsoft VS Code\bin;C:\Users\jacob\.dotnet\tools;."/>
    <property name="java.vm.info" value="mixed mode, sharing"/>
    <property name="stderr.encoding" value="Cp1252"/>
    <property name="java.vendor" value="Oracle Corporation"/>
    <property name="java.vm.version" value="21.0.1+12-29"/>
    <property name="sun.io.unicode.encoding" value="UnicodeLittle"/>
    <property name="java.class.version" value="65.0"/>
  </properties>
  <testcase name="test" classname="no.hvl.dat110.unit.tests.TestRemote" time="0.016">
    <system-out><![CDATA[activeNodesforFile is :[no.hvl.dat110.middleware.Message@346939bf, no.hvl.dat110.middleware.Message@533377b, no.hvl.dat110.middleware.Message@59d2103b, no.hvl.dat110.middleware.Message@18518ccf]
Node: process5 Primary: true
Primary = process5
2024-05-11 17:19:33 INFO  UpdateOperations:90 - Trying to update file replicas for peer: 210821560651360572675896360671414673172
2024-05-11 17:19:33 INFO  UpdateOperations:69 - Update file is being performed by this peer: process4 | 149037318589456997023767356092491379363
2024-05-11 17:19:33 INFO  UpdateOperations:69 - Update file is being performed by this peer: process4 | 179241403734895214076219526399432130488
2024-05-11 17:19:33 INFO  UpdateOperations:102 - Finished updating file for peer: 210821560651360572675896360671414673172
2024-05-11 17:19:33 INFO  UpdateOperations:90 - Trying to update file replicas for peer: 15618062003214643351512781541041391612
2024-05-11 17:19:33 INFO  UpdateOperations:69 - Update file is being performed by this peer: process2 | 8256520967608282605234844990226290265
2024-05-11 17:19:33 INFO  UpdateOperations:102 - Finished updating file for peer: 15618062003214643351512781541041391612
2024-05-11 17:19:33 INFO  UpdateOperations:90 - Trying to update file replicas for peer: 121411138451101288395601026024677976156
2024-05-11 17:19:33 INFO  UpdateOperations:69 - Update file is being performed by this peer: process5 | 83550242532527638904138483233262313637
2024-05-11 17:19:33 INFO  UpdateOperations:102 - Finished updating file for peer: 121411138451101288395601026024677976156
]]></system-out>
    <system-err><![CDATA[Stub retrieved successfully for node: process1 on port: 9091
121411138451101288395601026024677976156
Stub retrieved successfully for node: process5 on port: 9095
Stub retrieved successfully for node: process4 on port: 9094
Stub retrieved successfully for node: process2 on port: 9092
Stub retrieved successfully for node: process5 on port: 9095
Stub retrieved successfully for node: process2 on port: 9092
Stub retrieved successfully for node: process4 on port: 9094
Stub retrieved successfully for node: process4 on port: 9094
]]></system-err>
  </testcase>
</testsuite>